# JRE version: OpenJDK Runtime Environment (8.0) (build 1.8.0-25-microsoft-b00)
# Java VM: OpenJDK 64-Bit Server VM (25.71-b00 mixed mode windows-amd64 compressed oops)
Heap:
 PSYoungGen      total 33280K, used 7324K [0x00000000d5d00000, 0x00000000d8b00000, 0x0000000100000000)
  eden space 23040K, 27% used [0x00000000d5d00000,0x00000000d6347310,0x00000000d7380000)
  from space 10240K, 8% used [0x00000000d7380000,0x00000000d7460000,0x00000000d7d80000)
  to   space 10240K, 0% used [0x00000000d8100000,0x00000000d8100000,0x00000000d8b00000)
 ParOldGen       total 56320K, used 37712K [0x0000000081600000, 0x0000000084d00000, 0x00000000d5d00000)
  object space 56320K, 66% used [0x0000000081600000,0x0000000083ad43f0,0x0000000084d00000)
 Metaspace       used 9919K, capacity 10368K, committed 10624K, reserved 1058816K
  class space    used 1027K, capacity 1076K, committed 1152K, reserved 1048576K
GC Heap History (10 events):
Event: 4.389 GC heap before
{Heap before GC invocations=27 (full 5):
 PSYoungGen      total 24576K, used 14848K [0x00000000d5d00000, 0x00000000d8280000, 0x0000000100000000)
  eden space 14848K, 100% used [0x00000000d5d00000,0x00000000d6b80000,0x00000000d6b80000)
  from space 9728K, 0% used [0x00000000d6b80000,0x00000000d6b80000,0x00000000d7500000)
  to   space 9728K, 0% used [0x00000000d7900000,0x00000000d7900000,0x00000000d8280000)
 ParOldGen       total 39424K, used 26003K [0x0000000081600000, 0x0000000083c80000, 0x00000000d5d00000)
  object space 39424K, 65% used [0x0000000081600000,0x0000000082f64cf0,0x0000000083c80000)
 Metaspace       used 7827K, capacity 8596K, committed 8960K, reserved 1056768K
  class space    used 886K, capacity 912K, committed 1024K, reserved 1048576K
Event: 4.402 GC heap after
Heap after GC invocations=27 (full 5):
 PSYoungGen      total 28672K, used 6098K [0x00000000d5d00000, 0x00000000d8280000, 0x0000000100000000)
  eden space 18944K, 0% used [0x00000000d5d00000,0x00000000d5d00000,0x00000000d6f80000)
  from space 9728K, 62% used [0x00000000d7900000,0x00000000d7ef4a00,0x00000000d8280000)
  to   space 9728K, 0% used [0x00000000d6f80000,0x00000000d6f80000,0x00000000d7900000)
 ParOldGen       total 39424K, used 26011K [0x0000000081600000, 0x0000000083c80000, 0x00000000d5d00000)
  object space 39424K, 65% used [0x0000000081600000,0x0000000082f66cf0,0x0000000083c80000)
 Metaspace       used 7827K, capacity 8596K, committed 8960K, reserved 1056768K
  class space    used 886K, capacity 912K, committed 1024K, reserved 1048576K
}
Event: 4.888 GC heap before
{Heap before GC invocations=28 (full 5):
 PSYoungGen      total 28672K, used 25042K [0x00000000d5d00000, 0x00000000d8280000, 0x0000000100000000)
  eden space 18944K, 100% used [0x00000000d5d00000,0x00000000d6f80000,0x00000000d6f80000)
  from space 9728K, 62% used [0x00000000d7900000,0x00000000d7ef4a00,0x00000000d8280000)
  to   space 9728K, 0% used [0x00000000d6f80000,0x00000000d6f80000,0x00000000d7900000)
 ParOldGen       total 39424K, used 26011K [0x0000000081600000, 0x0000000083c80000, 0x00000000d5d00000)
  object space 39424K, 65% used [0x0000000081600000,0x0000000082f66cf0,0x0000000083c80000)
 Metaspace       used 8032K, capacity 8724K, committed 8960K, reserved 1056768K
  class space    used 888K, capacity 912K, committed 1024K, reserved 1048576K
Event: 4.907 GC heap after
Heap after GC invocations=28 (full 5):
 PSYoungGen      total 28672K, used 7383K [0x00000000d5d00000, 0x00000000d8900000, 0x0000000100000000)
  eden space 18944K, 0% used [0x00000000d5d00000,0x00000000d5d00000,0x00000000d6f80000)
  from space 9728K, 75% used [0x00000000d6f80000,0x00000000d76b5c18,0x00000000d7900000)
  to   space 10752K, 0% used [0x00000000d7e80000,0x00000000d7e80000,0x00000000d8900000)
 ParOldGen       total 39424K, used 31713K [0x0000000081600000, 0x0000000083c80000, 0x00000000d5d00000)
  object space 39424K, 80% used [0x0000000081600000,0x00000000834f8588,0x0000000083c80000)
 Metaspace       used 8032K, capacity 8724K, committed 8960K, reserved 1056768K
  class space    used 888K, capacity 912K, committed 1024K, reserved 1048576K
}
Event: 7.192 GC heap before
{Heap before GC invocations=29 (full 5):
 PSYoungGen      total 28672K, used 26327K [0x00000000d5d00000, 0x00000000d8900000, 0x0000000100000000)
  eden space 18944K, 100% used [0x00000000d5d00000,0x00000000d6f80000,0x00000000d6f80000)
  from space 9728K, 75% used [0x00000000d6f80000,0x00000000d76b5c18,0x00000000d7900000)
  to   space 10752K, 0% used [0x00000000d7e80000,0x00000000d7e80000,0x00000000d8900000)
 ParOldGen       total 39424K, used 31713K [0x0000000081600000, 0x0000000083c80000, 0x00000000d5d00000)
  object space 39424K, 80% used [0x0000000081600000,0x00000000834f8588,0x0000000083c80000)
 Metaspace       used 9289K, capacity 9760K, committed 10112K, reserved 1058816K
  class space    used 1009K, capacity 1044K, committed 1152K, reserved 1048576K
Event: 7.220 GC heap after
Heap after GC invocations=29 (full 5):
 PSYoungGen      total 32256K, used 2148K [0x00000000d5d00000, 0x00000000d8780000, 0x0000000100000000)
  eden space 23040K, 0% used [0x00000000d5d00000,0x00000000d5d00000,0x00000000d7380000)
  from space 9216K, 23% used [0x00000000d7e80000,0x00000000d8099008,0x00000000d8780000)
  to   space 10240K, 0% used [0x00000000d7380000,0x00000000d7380000,0x00000000d7d80000)
 ParOldGen       total 39424K, used 38906K [0x0000000081600000, 0x0000000083c80000, 0x00000000d5d00000)
  object space 39424K, 98% used [0x0000000081600000,0x0000000083bfea18,0x0000000083c80000)
 Metaspace       used 9289K, capacity 9760K, committed 10112K, reserved 1058816K
  class space    used 1009K, capacity 1044K, committed 1152K, reserved 1048576K
}
Event: 7.220 GC heap before
{Heap before GC invocations=30 (full 6):
 PSYoungGen      total 32256K, used 2148K [0x00000000d5d00000, 0x00000000d8780000, 0x0000000100000000)
  eden space 23040K, 0% used [0x00000000d5d00000,0x00000000d5d00000,0x00000000d7380000)
  from space 9216K, 23% used [0x00000000d7e80000,0x00000000d8099008,0x00000000d8780000)
  to   space 10240K, 0% used [0x00000000d7380000,0x00000000d7380000,0x00000000d7d80000)
 ParOldGen       total 39424K, used 38906K [0x0000000081600000, 0x0000000083c80000, 0x00000000d5d00000)
  object space 39424K, 98% used [0x0000000081600000,0x0000000083bfea18,0x0000000083c80000)
 Metaspace       used 9289K, capacity 9760K, committed 10112K, reserved 1058816K
  class space    used 1009K, capacity 1044K, committed 1152K, reserved 1048576K
Event: 7.418 GC heap after
Heap after GC invocations=30 (full 6):
 PSYoungGen      total 32256K, used 0K [0x00000000d5d00000, 0x00000000d8780000, 0x0000000100000000)
  eden space 23040K, 0% used [0x00000000d5d00000,0x00000000d5d00000,0x00000000d7380000)
  from space 9216K, 0% used [0x00000000d7e80000,0x00000000d7e80000,0x00000000d8780000)
  to   space 10240K, 0% used [0x00000000d7380000,0x00000000d7380000,0x00000000d7d80000)
 ParOldGen       total 56320K, used 37704K [0x0000000081600000, 0x0000000084d00000, 0x00000000d5d00000)
  object space 56320K, 66% used [0x0000000081600000,0x0000000083ad23f0,0x0000000084d00000)
 Metaspace       used 9289K, capacity 9760K, committed 10112K, reserved 1058816K
  class space    used 1009K, capacity 1044K, committed 1152K, reserved 1048576K
}
Event: 10.132 GC heap before
{Heap before GC invocations=31 (full 6):
 PSYoungGen      total 32256K, used 23040K [0x00000000d5d00000, 0x00000000d8780000, 0x0000000100000000)
  eden space 23040K, 100% used [0x00000000d5d00000,0x00000000d7380000,0x00000000d7380000)
  from space 9216K, 0% used [0x00000000d7e80000,0x00000000d7e80000,0x00000000d8780000)
  to   space 10240K, 0% used [0x00000000d7380000,0x00000000d7380000,0x00000000d7d80000)
 ParOldGen       total 56320K, used 37704K [0x0000000081600000, 0x0000000084d00000, 0x00000000d5d00000)
  object space 56320K, 66% used [0x0000000081600000,0x0000000083ad23f0,0x0000000084d00000)
 Metaspace       used 9579K, capacity 10016K, committed 10368K, reserved 1058816K
  class space    used 1009K, capacity 1044K, committed 1152K, reserved 1048576K
Event: 10.140 GC heap after
Heap after GC invocations=31 (full 6):
 PSYoungGen      total 33280K, used 896K [0x00000000d5d00000, 0x00000000d8b00000, 0x0000000100000000)
  eden space 23040K, 0% used [0x00000000d5d00000,0x00000000d5d00000,0x00000000d7380000)
  from space 10240K, 8% used [0x00000000d7380000,0x00000000d7460000,0x00000000d7d80000)
  to   space 10240K, 0% used [0x00000000d8100000,0x00000000d8100000,0x00000000d8b00000)
 ParOldGen       total 56320K, used 37712K [0x0000000081600000, 0x0000000084d00000, 0x00000000d5d00000)
  object space 56320K, 66% used [0x0000000081600000,0x0000000083ad43f0,0x0000000084d00000)
 Metaspace       used 9579K, capacity 10016K, committed 10368K, reserved 1058816K
  class space    used 1009K, capacity 1044K, committed 1152K, reserved 1048576K
}

